{"name":"hexo","hostname":"ubuntu","pid":29155,"level":20,"msg":"Hexo version: \u001b[35m3.2.2\u001b[39m","time":"2017-02-03T19:16:20.723Z","v":0}
{"name":"hexo","hostname":"ubuntu","pid":29155,"level":20,"msg":"Working directory: \u001b[35m~/Git/porson.github.io/\u001b[39m","time":"2017-02-03T19:16:20.726Z","v":0}
{"name":"hexo","hostname":"ubuntu","pid":29155,"level":20,"msg":"Config loaded: \u001b[35m~/Git/porson.github.io/_config.yml\u001b[39m","time":"2017-02-03T19:16:20.800Z","v":0}
{"name":"hexo","hostname":"ubuntu","pid":29155,"level":20,"msg":"Plugin loaded: \u001b[35mhexo-generator-archive\u001b[39m","time":"2017-02-03T19:16:20.811Z","v":0}
{"name":"hexo","hostname":"ubuntu","pid":29155,"level":20,"msg":"Plugin loaded: \u001b[35mhexo-generator-category\u001b[39m","time":"2017-02-03T19:16:20.812Z","v":0}
{"name":"hexo","hostname":"ubuntu","pid":29155,"level":20,"msg":"Plugin loaded: \u001b[35mhexo-generator-index\u001b[39m","time":"2017-02-03T19:16:20.814Z","v":0}
{"name":"hexo","hostname":"ubuntu","pid":29155,"level":20,"msg":"Plugin loaded: \u001b[35mhexo-renderer-stylus\u001b[39m","time":"2017-02-03T19:16:20.815Z","v":0}
{"name":"hexo","hostname":"ubuntu","pid":29155,"level":20,"msg":"Plugin loaded: \u001b[35mhexo-server\u001b[39m","time":"2017-02-03T19:16:20.864Z","v":0}
{"name":"hexo","hostname":"ubuntu","pid":29155,"level":20,"msg":"Plugin loaded: \u001b[35mhexo-generator-tag\u001b[39m","time":"2017-02-03T19:16:20.865Z","v":0}
{"name":"hexo","hostname":"ubuntu","pid":29155,"level":20,"msg":"Script loaded: \u001b[35mthemes/next/scripts/merge-configs.js\u001b[39m","time":"2017-02-03T19:16:20.865Z","v":0}
{"name":"hexo","hostname":"ubuntu","pid":29155,"level":20,"msg":"Plugin loaded: \u001b[35mhexo-renderer-ejs\u001b[39m","time":"2017-02-03T19:16:20.867Z","v":0}
{"name":"hexo","hostname":"ubuntu","pid":29155,"level":20,"msg":"Script loaded: \u001b[35mthemes/next/scripts/tags/button.js\u001b[39m","time":"2017-02-03T19:16:20.868Z","v":0}
{"name":"hexo","hostname":"ubuntu","pid":29155,"level":20,"msg":"Script loaded: \u001b[35mthemes/next/scripts/tags/center-quote.js\u001b[39m","time":"2017-02-03T19:16:20.868Z","v":0}
{"name":"hexo","hostname":"ubuntu","pid":29155,"level":20,"msg":"Script loaded: \u001b[35mthemes/next/scripts/tags/full-image.js\u001b[39m","time":"2017-02-03T19:16:20.869Z","v":0}
{"name":"hexo","hostname":"ubuntu","pid":29155,"level":20,"msg":"Plugin loaded: \u001b[35mhexo-renderer-marked\u001b[39m","time":"2017-02-03T19:16:20.872Z","v":0}
{"name":"hexo","hostname":"ubuntu","pid":29155,"level":20,"msg":"Script loaded: \u001b[35mthemes/next/scripts/tags/group-pictures.js\u001b[39m","time":"2017-02-03T19:16:20.873Z","v":0}
{"name":"hexo","hostname":"ubuntu","pid":29155,"level":20,"msg":"Script loaded: \u001b[35mthemes/next/scripts/tags/note.js\u001b[39m","time":"2017-02-03T19:16:20.873Z","v":0}
{"name":"hexo","hostname":"ubuntu","pid":29155,"level":60,"msg":"Port 4000 has been used. Try other port instead.","time":"2017-02-03T19:16:20.878Z","v":0}
{"name":"hexo","hostname":"ubuntu","pid":29155,"level":60,"err":{"message":"listen EADDRINUSE 0.0.0.0:4000","name":"Error","stack":"Error: listen EADDRINUSE 0.0.0.0:4000\n    at Object.exports._errnoException (util.js:870:11)\n    at exports._exceptionWithHostPort (util.js:893:20)\n    at Server._listen2 (net.js:1237:14)\n    at listen (net.js:1273:10)\n    at net.js:1382:9\n    at nextTickCallbackWith3Args (node.js:452:9)\n    at process._tickCallback (node.js:358:17)","code":"EADDRINUSE"},"msg":"Something's wrong. Maybe you can find the solution here: \u001b[4mhttp://hexo.io/docs/troubleshooting.html\u001b[24m","time":"2017-02-03T19:16:20.879Z","v":0}
{"name":"hexo","hostname":"ubuntu","pid":29155,"level":20,"msg":"Database saved","time":"2017-02-03T19:16:20.882Z","v":0}
{"name":"hexo","hostname":"ubuntu","pid":29287,"level":20,"msg":"Hexo version: \u001b[35m3.2.2\u001b[39m","time":"2017-02-03T19:16:37.531Z","v":0}
{"name":"hexo","hostname":"ubuntu","pid":29287,"level":20,"msg":"Working directory: \u001b[35m~/Git/porson.github.io/\u001b[39m","time":"2017-02-03T19:16:37.534Z","v":0}
{"name":"hexo","hostname":"ubuntu","pid":29287,"level":20,"msg":"Config loaded: \u001b[35m~/Git/porson.github.io/_config.yml\u001b[39m","time":"2017-02-03T19:16:37.609Z","v":0}
{"name":"hexo","hostname":"ubuntu","pid":29287,"level":20,"msg":"Script loaded: \u001b[35mthemes/next/scripts/merge-configs.js\u001b[39m","time":"2017-02-03T19:16:37.618Z","v":0}
{"name":"hexo","hostname":"ubuntu","pid":29287,"level":20,"msg":"Script loaded: \u001b[35mthemes/next/scripts/tags/button.js\u001b[39m","time":"2017-02-03T19:16:37.619Z","v":0}
{"name":"hexo","hostname":"ubuntu","pid":29287,"level":20,"msg":"Script loaded: \u001b[35mthemes/next/scripts/tags/full-image.js\u001b[39m","time":"2017-02-03T19:16:37.619Z","v":0}
{"name":"hexo","hostname":"ubuntu","pid":29287,"level":20,"msg":"Script loaded: \u001b[35mthemes/next/scripts/tags/center-quote.js\u001b[39m","time":"2017-02-03T19:16:37.619Z","v":0}
{"name":"hexo","hostname":"ubuntu","pid":29287,"level":20,"msg":"Script loaded: \u001b[35mthemes/next/scripts/tags/group-pictures.js\u001b[39m","time":"2017-02-03T19:16:37.621Z","v":0}
{"name":"hexo","hostname":"ubuntu","pid":29287,"level":20,"msg":"Script loaded: \u001b[35mthemes/next/scripts/tags/note.js\u001b[39m","time":"2017-02-03T19:16:37.621Z","v":0}
{"name":"hexo","hostname":"ubuntu","pid":29287,"level":20,"msg":"Plugin loaded: \u001b[35mhexo-generator-category\u001b[39m","time":"2017-02-03T19:16:37.624Z","v":0}
{"name":"hexo","hostname":"ubuntu","pid":29287,"level":20,"msg":"Plugin loaded: \u001b[35mhexo-generator-archive\u001b[39m","time":"2017-02-03T19:16:37.625Z","v":0}
{"name":"hexo","hostname":"ubuntu","pid":29287,"level":20,"msg":"Plugin loaded: \u001b[35mhexo-generator-tag\u001b[39m","time":"2017-02-03T19:16:37.627Z","v":0}
{"name":"hexo","hostname":"ubuntu","pid":29287,"level":20,"msg":"Plugin loaded: \u001b[35mhexo-renderer-ejs\u001b[39m","time":"2017-02-03T19:16:37.628Z","v":0}
{"name":"hexo","hostname":"ubuntu","pid":29287,"level":20,"msg":"Plugin loaded: \u001b[35mhexo-generator-index\u001b[39m","time":"2017-02-03T19:16:37.629Z","v":0}
{"name":"hexo","hostname":"ubuntu","pid":29287,"level":20,"msg":"Plugin loaded: \u001b[35mhexo-renderer-marked\u001b[39m","time":"2017-02-03T19:16:37.633Z","v":0}
{"name":"hexo","hostname":"ubuntu","pid":29287,"level":20,"msg":"Plugin loaded: \u001b[35mhexo-renderer-stylus\u001b[39m","time":"2017-02-03T19:16:37.634Z","v":0}
{"name":"hexo","hostname":"ubuntu","pid":29287,"level":20,"msg":"Plugin loaded: \u001b[35mhexo-server\u001b[39m","time":"2017-02-03T19:16:37.684Z","v":0}
{"name":"hexo","hostname":"ubuntu","pid":29287,"level":60,"msg":"Port 4000 has been used. Try other port instead.","time":"2017-02-03T19:16:37.689Z","v":0}
{"name":"hexo","hostname":"ubuntu","pid":29287,"level":60,"err":{"message":"listen EADDRINUSE 0.0.0.0:4000","name":"Error","stack":"Error: listen EADDRINUSE 0.0.0.0:4000\n    at Object.exports._errnoException (util.js:870:11)\n    at exports._exceptionWithHostPort (util.js:893:20)\n    at Server._listen2 (net.js:1237:14)\n    at listen (net.js:1273:10)\n    at net.js:1382:9\n    at nextTickCallbackWith3Args (node.js:452:9)\n    at process._tickCallback (node.js:358:17)","code":"EADDRINUSE"},"msg":"Something's wrong. Maybe you can find the solution here: \u001b[4mhttp://hexo.io/docs/troubleshooting.html\u001b[24m","time":"2017-02-03T19:16:37.690Z","v":0}
{"name":"hexo","hostname":"ubuntu","pid":29287,"level":20,"msg":"Database saved","time":"2017-02-03T19:16:37.692Z","v":0}
